Wed Aug 20 10:32:40 UTC 2025
              total        used        free      shared  buff/cache   available
Mem:         987992      136484      497744         976      353764      697940
Swap:             0           0           0
---
Wed Aug 20 10:37:23 UTC 2025
              total        used        free      shared  buff/cache   available
Mem:         987992      136068      496996         976      354928      698376
Swap:             0           0           0
---
Wed Aug 20 11:02:09 UTC 2025
              total        used        free      shared  buff/cache   available
Mem:         987992      137052      136620         984      714320      695268
Swap:             0           0           0
---
Wed Aug 20 12:07:32 UTC 2025
              total        used        free      shared  buff/cache   available
Mem:         987992      154616       97596         984      735780      677500
Swap:             0           0           0
---
Wed Aug 20 12:33:14 UTC 2025
              total        used        free      shared  buff/cache   available
Mem:         987992      155292       93996         984      738704      676756
Swap:             0           0           0
---
