=== Sun Aug 31 14:01:01 UTC 2025 ===
              total        used        free      shared  buff/cache   available
Mem:          964Mi       145Mi       119Mi       0.0Ki       700Mi       661Mi
Swap:            0B          0B          0B

=== Sun Aug 31 14:02:01 UTC 2025 ===
              total        used        free      shared  buff/cache   available
Mem:          964Mi       145Mi       119Mi       0.0Ki       700Mi       661Mi
Swap:            0B          0B          0B

=== Sun Aug 31 14:03:01 UTC 2025 ===
              total        used        free      shared  buff/cache   available
Mem:          964Mi       145Mi       118Mi       0.0Ki       700Mi       660Mi
Swap:            0B          0B          0B

=== Sun Aug 31 14:04:01 UTC 2025 ===
              total        used        free      shared  buff/cache   available
Mem:          964Mi       145Mi       119Mi       0.0Ki       700Mi       661Mi
Swap:            0B          0B          0B

=== Sun Aug 31 14:05:01 UTC 2025 ===
              total        used        free      shared  buff/cache   available
Mem:          964Mi       146Mi       117Mi       0.0Ki       700Mi       660Mi
Swap:            0B          0B          0B

=== Sun Aug 31 14:06:01 UTC 2025 ===
              total        used        free      shared  buff/cache   available
Mem:          964Mi       145Mi       118Mi       0.0Ki       700Mi       661Mi
Swap:            0B          0B          0B

=== Sun Aug 31 14:07:01 UTC 2025 ===
              total        used        free      shared  buff/cache   available
Mem:          964Mi       145Mi       118Mi       0.0Ki       700Mi       660Mi
Swap:            0B          0B          0B

=== Sun Aug 31 14:08:01 UTC 2025 ===
              total        used        free      shared  buff/cache   available
Mem:          964Mi       145Mi       119Mi       0.0Ki       700Mi       661Mi
Swap:            0B          0B          0B

=== Sun Aug 31 14:09:02 UTC 2025 ===
              total        used        free      shared  buff/cache   available
Mem:          964Mi       145Mi       118Mi       0.0Ki       700Mi       660Mi
Swap:            0B          0B          0B

=== Sun Aug 31 14:10:01 UTC 2025 ===
              total        used        free      shared  buff/cache   available
Mem:          964Mi       145Mi       118Mi       0.0Ki       700Mi       661Mi
Swap:            0B          0B          0B

=== Sun Aug 31 14:11:01 UTC 2025 ===
              total        used        free      shared  buff/cache   available
Mem:          964Mi       145Mi       118Mi       0.0Ki       700Mi       660Mi
Swap:            0B          0B          0B

=== Sun Aug 31 14:12:01 UTC 2025 ===
              total        used        free      shared  buff/cache   available
Mem:          964Mi       146Mi       117Mi       0.0Ki       701Mi       660Mi
Swap:            0B          0B          0B

=== Sun Aug 31 14:13:01 UTC 2025 ===
              total        used        free      shared  buff/cache   available
Mem:          964Mi       145Mi       118Mi       0.0Ki       701Mi       661Mi
Swap:            0B          0B          0B

=== Sun Aug 31 14:14:01 UTC 2025 ===
              total        used        free      shared  buff/cache   available
Mem:          964Mi       145Mi       118Mi       0.0Ki       701Mi       661Mi
Swap:            0B          0B          0B

=== Sun Aug 31 14:15:01 UTC 2025 ===
              total        used        free      shared  buff/cache   available
Mem:          964Mi       145Mi       117Mi       0.0Ki       701Mi       660Mi
Swap:            0B          0B          0B

=== Sun Aug 31 14:16:01 UTC 2025 ===
              total        used        free      shared  buff/cache   available
Mem:          964Mi       145Mi       117Mi       0.0Ki       701Mi       660Mi
Swap:            0B          0B          0B

=== Sun Aug 31 14:17:01 UTC 2025 ===
              total        used        free      shared  buff/cache   available
Mem:          964Mi       146Mi       117Mi       0.0Ki       701Mi       660Mi
Swap:            0B          0B          0B

=== Sun Aug 31 14:18:01 UTC 2025 ===
              total        used        free      shared  buff/cache   available
Mem:          964Mi       146Mi       117Mi       0.0Ki       701Mi       660Mi
Swap:            0B          0B          0B

=== Sun Aug 31 14:19:01 UTC 2025 ===
              total        used        free      shared  buff/cache   available
Mem:          964Mi       145Mi       118Mi       0.0Ki       701Mi       661Mi
Swap:            0B          0B          0B

=== Sun Aug 31 14:20:01 UTC 2025 ===
              total        used        free      shared  buff/cache   available
Mem:          964Mi       146Mi       117Mi       0.0Ki       701Mi       660Mi
Swap:            0B          0B          0B

=== Sun Aug 31 14:21:01 UTC 2025 ===
              total        used        free      shared  buff/cache   available
Mem:          964Mi       146Mi       116Mi       0.0Ki       701Mi       660Mi
Swap:            0B          0B          0B

=== Sun Aug 31 14:22:01 UTC 2025 ===
              total        used        free      shared  buff/cache   available
Mem:          964Mi       145Mi       117Mi       0.0Ki       701Mi       661Mi
Swap:            0B          0B          0B

=== Sun Aug 31 14:23:01 UTC 2025 ===
              total        used        free      shared  buff/cache   available
Mem:          964Mi       145Mi       117Mi       0.0Ki       701Mi       660Mi
Swap:            0B          0B          0B

=== Sun Aug 31 14:24:01 UTC 2025 ===
              total        used        free      shared  buff/cache   available
Mem:          964Mi       145Mi       118Mi       0.0Ki       701Mi       661Mi
Swap:            0B          0B          0B

=== Sun Aug 31 14:25:01 UTC 2025 ===
              total        used        free      shared  buff/cache   available
Mem:          964Mi       139Mi       123Mi       0.0Ki       701Mi       666Mi
Swap:            0B          0B          0B

=== Sun Aug 31 14:26:01 UTC 2025 ===
              total        used        free      shared  buff/cache   available
Mem:          964Mi       139Mi       123Mi       0.0Ki       701Mi       666Mi
Swap:            0B          0B          0B

=== Sun Aug 31 14:27:01 UTC 2025 ===
              total        used        free      shared  buff/cache   available
Mem:          964Mi       139Mi       123Mi       0.0Ki       701Mi       666Mi
Swap:            0B          0B          0B

=== Sun Aug 31 14:28:01 UTC 2025 ===
              total        used        free      shared  buff/cache   available
Mem:          964Mi       140Mi       122Mi       0.0Ki       702Mi       666Mi
Swap:            0B          0B          0B

=== Sun Aug 31 14:29:01 UTC 2025 ===
              total        used        free      shared  buff/cache   available
Mem:          964Mi       140Mi       122Mi       0.0Ki       702Mi       666Mi
Swap:            0B          0B          0B

=== Sun Aug 31 14:30:01 UTC 2025 ===
              total        used        free      shared  buff/cache   available
Mem:          964Mi       139Mi       122Mi       0.0Ki       702Mi       666Mi
Swap:            0B          0B          0B

=== Sun Aug 31 14:31:01 UTC 2025 ===
              total        used        free      shared  buff/cache   available
Mem:          964Mi       140Mi       122Mi       0.0Ki       702Mi       666Mi
Swap:            0B          0B          0B

=== Sun Aug 31 14:32:01 UTC 2025 ===
              total        used        free      shared  buff/cache   available
Mem:          964Mi       139Mi       122Mi       0.0Ki       702Mi       666Mi
Swap:            0B          0B          0B

=== Sun Aug 31 14:33:02 UTC 2025 ===
              total        used        free      shared  buff/cache   available
Mem:          964Mi       139Mi       122Mi       0.0Ki       702Mi       666Mi
Swap:            0B          0B          0B

=== Sun Aug 31 14:34:01 UTC 2025 ===
              total        used        free      shared  buff/cache   available
Mem:          964Mi       139Mi       122Mi       0.0Ki       702Mi       667Mi
Swap:            0B          0B          0B

=== Sun Aug 31 14:35:01 UTC 2025 ===
              total        used        free      shared  buff/cache   available
Mem:          964Mi       140Mi       121Mi       0.0Ki       702Mi       666Mi
Swap:            0B          0B          0B

=== Sun Aug 31 14:36:01 UTC 2025 ===
              total        used        free      shared  buff/cache   available
Mem:          964Mi       140Mi       121Mi       0.0Ki       702Mi       666Mi
Swap:            0B          0B          0B

=== Sun Aug 31 18:42:56 UTC 2025 ===
              total        used        free      shared  buff/cache   available
Mem:          964Mi       148Mi       114Mi       0.0Ki       702Mi       658Mi
Swap:            0B          0B          0B

=== Sun Aug 31 18:43:01 UTC 2025 ===
              total        used        free      shared  buff/cache   available
Mem:          964Mi       149Mi       115Mi       0.0Ki       699Mi       656Mi
Swap:            0B          0B          0B

=== Mon Sep  1 07:12:26 UTC 2025 ===
              total        used        free      shared  buff/cache   available
Mem:          964Mi       150Mi       104Mi       0.0Ki       709Mi       655Mi
Swap:            0B          0B          0B

=== Mon Sep  1 07:13:01 UTC 2025 ===
              total        used        free      shared  buff/cache   available
Mem:          964Mi       149Mi       106Mi       0.0Ki       709Mi       656Mi
Swap:            0B          0B          0B

=== Mon Sep  1 07:14:01 UTC 2025 ===
              total        used        free      shared  buff/cache   available
Mem:          964Mi       149Mi       106Mi       0.0Ki       709Mi       656Mi
Swap:            0B          0B          0B

=== Mon Sep  1 07:15:01 UTC 2025 ===
              total        used        free      shared  buff/cache   available
Mem:          964Mi       147Mi       107Mi       0.0Ki       709Mi       658Mi
Swap:            0B          0B          0B

=== Mon Sep  1 07:16:01 UTC 2025 ===
              total        used        free      shared  buff/cache   available
Mem:          964Mi       148Mi       106Mi       0.0Ki       709Mi       657Mi
Swap:            0B          0B          0B

=== Mon Sep  1 07:17:01 UTC 2025 ===
              total        used        free      shared  buff/cache   available
Mem:          964Mi       154Mi        99Mi       0.0Ki       710Mi       651Mi
Swap:            0B          0B          0B

=== Mon Sep  1 07:18:01 UTC 2025 ===
              total        used        free      shared  buff/cache   available
Mem:          964Mi       146Mi       108Mi       0.0Ki       709Mi       659Mi
Swap:            0B          0B          0B

=== Mon Sep  1 07:19:01 UTC 2025 ===
              total        used        free      shared  buff/cache   available
Mem:          964Mi       145Mi       109Mi       0.0Ki       709Mi       660Mi
Swap:            0B          0B          0B

=== Mon Sep  1 07:20:01 UTC 2025 ===
              total        used        free      shared  buff/cache   available
Mem:          964Mi       146Mi       108Mi       0.0Ki       710Mi       659Mi
Swap:            0B          0B          0B

=== Mon Sep  1 07:21:01 UTC 2025 ===
              total        used        free      shared  buff/cache   available
Mem:          964Mi       146Mi       108Mi       0.0Ki       710Mi       659Mi
Swap:            0B          0B          0B

=== Mon Sep  1 07:22:01 UTC 2025 ===
              total        used        free      shared  buff/cache   available
Mem:          964Mi       146Mi       107Mi       0.0Ki       711Mi       659Mi
Swap:            0B          0B          0B

=== Mon Sep  1 07:23:01 UTC 2025 ===
              total        used        free      shared  buff/cache   available
Mem:          964Mi       146Mi       107Mi       0.0Ki       711Mi       659Mi
Swap:            0B          0B          0B

=== Mon Sep  1 07:24:01 UTC 2025 ===
              total        used        free      shared  buff/cache   available
Mem:          964Mi       146Mi       107Mi       0.0Ki       711Mi       659Mi
Swap:            0B          0B          0B

=== Mon Sep  1 07:25:01 UTC 2025 ===
              total        used        free      shared  buff/cache   available
Mem:          964Mi       146Mi       106Mi       0.0Ki       711Mi       659Mi
Swap:            0B          0B          0B

=== Mon Sep  1 07:26:01 UTC 2025 ===
              total        used        free      shared  buff/cache   available
Mem:          964Mi       146Mi       106Mi       0.0Ki       711Mi       659Mi
Swap:            0B          0B          0B

=== Mon Sep  1 07:27:02 UTC 2025 ===
              total        used        free      shared  buff/cache   available
Mem:          964Mi       146Mi       107Mi       0.0Ki       711Mi       659Mi
Swap:            0B          0B          0B

=== Mon Sep  1 07:28:01 UTC 2025 ===
              total        used        free      shared  buff/cache   available
Mem:          964Mi       145Mi       107Mi       0.0Ki       711Mi       660Mi
Swap:            0B          0B          0B

=== Mon Sep  1 07:29:01 UTC 2025 ===
              total        used        free      shared  buff/cache   available
Mem:          964Mi       146Mi       106Mi       0.0Ki       711Mi       659Mi
Swap:            0B          0B          0B

=== Mon Sep  1 07:30:01 UTC 2025 ===
              total        used        free      shared  buff/cache   available
Mem:          964Mi       146Mi       106Mi       0.0Ki       711Mi       659Mi
Swap:            0B          0B          0B

=== Mon Sep  1 07:31:01 UTC 2025 ===
              total        used        free      shared  buff/cache   available
Mem:          964Mi       146Mi       106Mi       0.0Ki       711Mi       659Mi
Swap:            0B          0B          0B

=== Mon Sep  1 07:32:01 UTC 2025 ===
              total        used        free      shared  buff/cache   available
Mem:          964Mi       145Mi       107Mi       0.0Ki       711Mi       660Mi
Swap:            0B          0B          0B

=== Mon Sep  1 07:33:01 UTC 2025 ===
              total        used        free      shared  buff/cache   available
Mem:          964Mi       145Mi       107Mi       0.0Ki       712Mi       660Mi
Swap:            0B          0B          0B

=== Mon Sep  1 07:34:01 UTC 2025 ===
              total        used        free      shared  buff/cache   available
Mem:          964Mi       146Mi       106Mi       0.0Ki       712Mi       659Mi
Swap:            0B          0B          0B

=== Mon Sep  1 07:35:01 UTC 2025 ===
              total        used        free      shared  buff/cache   available
Mem:          964Mi       146Mi       106Mi       0.0Ki       712Mi       659Mi
Swap:            0B          0B          0B

=== Mon Sep  1 07:36:01 UTC 2025 ===
              total        used        free      shared  buff/cache   available
Mem:          964Mi       146Mi       105Mi       0.0Ki       712Mi       659Mi
Swap:            0B          0B          0B

=== Mon Sep  1 07:37:01 UTC 2025 ===
              total        used        free      shared  buff/cache   available
Mem:          964Mi       146Mi       106Mi       0.0Ki       712Mi       659Mi
Swap:            0B          0B          0B

=== Mon Sep  1 07:38:01 UTC 2025 ===
              total        used        free      shared  buff/cache   available
Mem:          964Mi       145Mi       106Mi       0.0Ki       712Mi       660Mi
Swap:            0B          0B          0B

=== Mon Sep  1 07:39:01 UTC 2025 ===
              total        used        free      shared  buff/cache   available
Mem:          964Mi       146Mi       105Mi       0.0Ki       712Mi       659Mi
Swap:            0B          0B          0B

=== Mon Sep  1 07:40:01 UTC 2025 ===
              total        used        free      shared  buff/cache   available
Mem:          964Mi       146Mi       106Mi       0.0Ki       712Mi       659Mi
Swap:            0B          0B          0B

=== Mon Sep  1 07:41:01 UTC 2025 ===
              total        used        free      shared  buff/cache   available
Mem:          964Mi       146Mi       106Mi       0.0Ki       712Mi       659Mi
Swap:            0B          0B          0B

=== Mon Sep  1 07:42:01 UTC 2025 ===
              total        used        free      shared  buff/cache   available
Mem:          964Mi       145Mi       106Mi       0.0Ki       712Mi       660Mi
Swap:            0B          0B          0B

=== Mon Sep  1 07:43:01 UTC 2025 ===
              total        used        free      shared  buff/cache   available
Mem:          964Mi       146Mi       105Mi       0.0Ki       712Mi       659Mi
Swap:            0B          0B          0B

=== Mon Sep  1 07:44:01 UTC 2025 ===
              total        used        free      shared  buff/cache   available
Mem:          964Mi       146Mi       105Mi       0.0Ki       712Mi       659Mi
Swap:            0B          0B          0B

=== Mon Sep  1 07:45:01 UTC 2025 ===
              total        used        free      shared  buff/cache   available
Mem:          964Mi       146Mi       105Mi       0.0Ki       712Mi       659Mi
Swap:            0B          0B          0B

=== Mon Sep  1 07:46:01 UTC 2025 ===
              total        used        free      shared  buff/cache   available
Mem:          964Mi       146Mi       105Mi       0.0Ki       713Mi       659Mi
Swap:            0B          0B          0B

=== Mon Sep  1 07:47:01 UTC 2025 ===
              total        used        free      shared  buff/cache   available
Mem:          964Mi       146Mi       105Mi       0.0Ki       713Mi       659Mi
Swap:            0B          0B          0B

=== Mon Sep  1 07:48:02 UTC 2025 ===
              total        used        free      shared  buff/cache   available
Mem:          964Mi       145Mi       106Mi       0.0Ki       713Mi       660Mi
Swap:            0B          0B          0B

=== Mon Sep  1 10:30:21 UTC 2025 ===
              total        used        free      shared  buff/cache   available
Mem:          964Mi       146Mi       105Mi       0.0Ki       713Mi       659Mi
Swap:            0B          0B          0B

=== Mon Sep  1 10:31:01 UTC 2025 ===
              total        used        free      shared  buff/cache   available
Mem:          964Mi       146Mi       105Mi       0.0Ki       713Mi       659Mi
Swap:            0B          0B          0B

=== Mon Sep  1 10:32:01 UTC 2025 ===
              total        used        free      shared  buff/cache   available
Mem:          964Mi       146Mi       105Mi       0.0Ki       713Mi       659Mi
Swap:            0B          0B          0B

=== Mon Sep  1 10:33:01 UTC 2025 ===
              total        used        free      shared  buff/cache   available
Mem:          964Mi       146Mi       105Mi       0.0Ki       713Mi       659Mi
Swap:            0B          0B          0B

=== Mon Sep  1 10:34:01 UTC 2025 ===
              total        used        free      shared  buff/cache   available
Mem:          964Mi       146Mi       101Mi       0.0Ki       717Mi       659Mi
Swap:            0B          0B          0B

